2023-06-22T17:03:26.013+05:30  INFO 29240 --- [http-nio-8182-exec-1] o.a.c.c.C.[.[localhost].[/codecurious]   : Initializing Spring DispatcherServlet 'dispatcherServlet'
2023-06-22T17:03:26.013+05:30  INFO 29240 --- [http-nio-8182-exec-1] o.s.web.servlet.DispatcherServlet        : Initializing Servlet 'dispatcherServlet'
2023-06-22T17:03:26.013+05:30 DEBUG 29240 --- [http-nio-8182-exec-1] o.s.web.servlet.DispatcherServlet        : Detected StandardServletMultipartResolver
2023-06-22T17:03:26.014+05:30 DEBUG 29240 --- [http-nio-8182-exec-1] o.s.web.servlet.DispatcherServlet        : Detected AcceptHeaderLocaleResolver
2023-06-22T17:03:26.014+05:30 DEBUG 29240 --- [http-nio-8182-exec-1] o.s.web.servlet.DispatcherServlet        : Detected FixedThemeResolver
2023-06-22T17:03:26.015+05:30 DEBUG 29240 --- [http-nio-8182-exec-1] o.s.web.servlet.DispatcherServlet        : Detected org.springframework.web.servlet.view.DefaultRequestToViewNameTranslator@45698ab
2023-06-22T17:03:26.015+05:30 DEBUG 29240 --- [http-nio-8182-exec-1] o.s.web.servlet.DispatcherServlet        : Detected org.springframework.web.servlet.support.SessionFlashMapManager@27ca5981
2023-06-22T17:03:26.015+05:30 DEBUG 29240 --- [http-nio-8182-exec-1] o.s.web.servlet.DispatcherServlet        : enableLoggingRequestDetails='false': request parameters and headers will be masked to prevent unsafe logging of potentially sensitive data
2023-06-22T17:03:26.015+05:30  INFO 29240 --- [http-nio-8182-exec-1] o.s.web.servlet.DispatcherServlet        : Completed initialization in 2 ms
2023-06-22T17:03:26.030+05:30 DEBUG 29240 --- [http-nio-8182-exec-1] o.s.web.servlet.DispatcherServlet        : GET "/codecurious/employee/getAllEmp", parameters={}
2023-06-22T17:03:26.038+05:30 DEBUG 29240 --- [http-nio-8182-exec-1] s.w.s.m.m.a.RequestMappingHandlerMapping : Mapped to org.curious.code.controller.EmployeeController#getAllEmp()
2023-06-22T17:03:26.047+05:30  INFO 29240 --- [http-nio-8182-exec-1] o.curious.code.service.EmployeeService   : [Start][EmployeeService][getAllEmp]
2023-06-22T17:03:26.136+05:30 DEBUG 29240 --- [http-nio-8182-exec-1] org.hibernate.SQL                        : select e1_0.id,e1_0.email,e1_0.name from employee e1_0
2023-06-22T17:03:26.165+05:30 DEBUG 29240 --- [http-nio-8182-exec-1] o.s.w.s.m.m.a.HttpEntityMethodProcessor  : Using 'application/json', given [*/*] and supported [application/json, application/*+json]
2023-06-22T17:03:26.167+05:30 DEBUG 29240 --- [http-nio-8182-exec-1] o.s.w.s.m.m.a.HttpEntityMethodProcessor  : Writing [[Employee(id=53, name=Raj, email=raj@123), Employee(id=55, name=Saj, email=saj@123)]]
2023-06-22T17:03:26.200+05:30 DEBUG 29240 --- [http-nio-8182-exec-1] o.s.web.servlet.DispatcherServlet        : Completed 200 OK
2023-06-22T17:04:30.002+05:30 DEBUG 29240 --- [SpringApplicationShutdownHook] o.s.b.a.ApplicationAvailabilityBean      : Application availability state ReadinessState changed from ACCEPTING_TRAFFIC to REFUSING_TRAFFIC
2023-06-22T17:04:30.003+05:30 DEBUG 29240 --- [SpringApplicationShutdownHook] ConfigServletWebServerApplicationContext : Closing org.springframework.boot.web.servlet.context.AnnotationConfigServletWebServerApplicationContext@72c9228b, started on Thu Jun 22 17:02:34 IST 2023
2023-06-22T17:04:30.017+05:30  INFO 29240 --- [SpringApplicationShutdownHook] j.LocalContainerEntityManagerFactoryBean : Closing JPA EntityManagerFactory for persistence unit 'default'
2023-06-22T17:04:30.020+05:30  INFO 29240 --- [SpringApplicationShutdownHook] com.zaxxer.hikari.HikariDataSource       : HikariPool-1 - Shutdown initiated...
2023-06-22T17:04:30.024+05:30  INFO 29240 --- [SpringApplicationShutdownHook] com.zaxxer.hikari.HikariDataSource       : HikariPool-1 - Shutdown completed.
